The disableGPU setting is set to undefined
Not disabling GPU
Main: Starting cleanup of stale files
Main: Cleanup of stale files completed
Main~createDefaultWorkingDir - Default working dir creation already attempted
1716424654917 main info "Booting Postman 11.1.14, linux-6.9.1-arch1-1 on x64"
1716424654918 main info "EventBus~initialize - Success"
1716424654921 main info "Proxy configuration has not been setup"
1716424654921 main info "CloudProxyManager~init - Success"
1716424654942 main info "performShellDataMigration: Migration has already been done. Bailing out"
1716424654950 main info "UpdateHandler~init - Success"
1716424654952 main info "LeaderSelection: Initialized successfully"
1716424654953 main info "VersionDependencyService: Initialized successfully"
1716424654961 main info "LinuxAutoUpdater~Cleanup - Initial cleanup successful"
1716424654991 main info "GPU detected VID 32902 DID 35414 ACTIVE true"
1716424654994 main info "newAccountRegionPreferenceService~getPreferenceWithFallback - Preference not found in storage."
1716424654995 main info "newAccountRegionPreferenceService~getToggleMenuTemplate - Using preference:","useUSRegion"
1716424655018 main info "shellController~init: Success"
1716424655025 main info "shellMeta~init: Success"
1716424655025 main info "partitionMigrationService: State of V7 partition:"
1716424655025 main info "partitionMigrationService: V7 partitions",[]
1716424655026 main info "partitionMigrationService~rectifyNamespaceOfScratchPadPartition: There is no partition with scratchpad namespace"
1716424655026 main info "partitionMigrationService~rectifyNamespaceOfScratchPadPartition: There is no transit partition which could have been used for scratchpad"
1716424655026 main info "partitionMigrationService~init: Success"
1716424655040 main info "partitionMigrationService~runV8PartitionsIntegrity: Two way migration~ removing the following partitions from v8",[]
1716424655046 main info "userPartitionService~getRecentV8UserPartition: recent v8 user context partition ","9ce421b2-2004-40ab-8e22-e6938fe5e837"
1716424655046 main info "userPartitionService~_rectifyTheActivePartitionOfApplication: Setting the active partition to ","9ce421b2-2004-40ab-8e22-e6938fe5e837"
1716424655056 main info "userPartitionService~init: Success"
1716424655075 main info "userPartitionService: State of v8 partition system:"
1716424655078 main info "shell~init~getPartitionToLoad: loading active partition"
1716424655080 main info "userPartitionService: List of partitions:",[{"partitionId":"9ce421b2-2004-40ab-8e22-e6938fe5e837","namespace":"users","userId":"32236529","teamId":"0","lastUpdated":"2024-05-18T21:10:43.470Z"},{"partitionId":"984b2aa2-3d0f-47b5-9665-81644c940d65","namespace":"scratchPad","userId":0,"teamId":0,"isDirty":false}]
1716424655080 main info "userPartitionService: users global meta:",{}
1716424655094 main info "Main:windowManager~newRequesterWindow: Fetch and update runtime config: us"
1716424656539 main info "RuntimeIPCAgent~started: Success"
1716424658142 main info "Main~getRemoteInitPath:: "
1716424658927 main info "UpdateHandler~app-update-events - Received event",{"name":"checkForElectronVersionUpdated","namespace":"appUpdate"}
INTERCEPTOR CONNECTIVITY: Connecting to Interceptor Bridge
IPCClient ~ WindowHandler: New event is received { type: 'window-opened' }
1716424658954 main info "windowManager: First requester booted successfully."
1716424658955 main info "windowManager~restoreWindows: Restoring requester windows"
1716424658955 main info "Main~AppEvents - Received booted event for process requester.Version 11.1.14 UI Version: 11.1.14-ui-240521-0853 Desktop Platform Version: 11.1.14"
1716424659109 main info "Main~getRemoteInitPath:: "
1716424659428 main info "Main~getPlatformLaunchPerfMetrics"
1716424660254 main info "WindowManager~closeHandler - Closed Window (id: 1 )"
IPCClient ~ WindowHandler: New event is received { type: 'window-closed', windowId: 1 }
1716424660515 main info "Quitting app"
